<?xml version="1.0" encoding="UTF-8"?>
<!-- Generated by org.testng.reporters.JUnitXMLReporter -->
<testsuite hostname="Tyss-Bharani" ignored="1" name="Test" tests="3" failures="1" timestamp="17 Nov 2018 06:45:56 GMT" time="26.64" errors="0">
  <testcase name="@AfterMethod closeapp" time="0.0" classname="Testng.Facebook">
    <failure type="java.lang.NullPointerException">
      <![CDATA[java.lang.NullPointerException
	at Testng.Facebook.closeapp(Facebook.java:39)
... Removed 27 stack frames]]>
    </failure>
  </testcase> <!-- @AfterMethod closeapp -->
  <testcase name="calls" time="0.007" classname="Testng.Demo"/>
  <testcase name="login" time="0.004" classname="Testng.Facebook">
    <failure type="java.lang.NullPointerException">
      <![CDATA[java.lang.NullPointerException
	at Testng.Facebook.login(Facebook.java:32)
... Removed 25 stack frames]]>
    </failure>
  </testcase> <!-- login -->
  <testcase name="facebook" time="0.001" classname="Testng.NewTest"/>
  <testcase name="settings" time="0.0" classname="Testng.Demo">
    <ignored/>
  </testcase> <!-- settings -->
</testsuite> <!-- Test -->
